<?xml version="1.0" encoding="UTF-8"?>
<testsuite xmlns:xsi="http://www.w3.org/2001/XMLSchema-instance" xsi:noNamespaceSchemaLocation="https://maven.apache.org/surefire/maven-surefire-plugin/xsd/surefire-test-report.xsd" name="docdigitales.AppTest" time="8.65" tests="4" errors="0" skipped="0" failures="0">
  <properties>
    <property name="sun.desktop" value="gnome"/>
    <property name="awt.toolkit" value="sun.awt.X11.XToolkit"/>
    <property name="file.encoding.pkg" value="sun.io"/>
    <property name="java.specification.version" value="1.8"/>
    <property name="sun.cpu.isalist" value=""/>
    <property name="sun.jnu.encoding" value="UTF-8"/>
    <property name="java.class.path" value="/home/vic/workspace/tutorials/javam/target/test-classes:/home/vic/workspace/tutorials/javam/target/classes:/home/vic/.m2/repository/junit/junit/4.11/junit-4.11.jar:/home/vic/.m2/repository/org/hamcrest/hamcrest-core/1.3/hamcrest-core-1.3.jar:/home/vic/.m2/repository/com/google/code/gson/gson/2.8.2/gson-2.8.2.jar:/home/vic/.m2/repository/com/squareup/okhttp3/okhttp/3.10.0/okhttp-3.10.0.jar:/home/vic/.m2/repository/com/squareup/okio/okio/1.14.0/okio-1.14.0.jar:/home/vic/.m2/repository/com/squareup/moshi/moshi-kotlin-codegen/1.6.0/moshi-kotlin-codegen-1.6.0.jar:/home/vic/.m2/repository/com/squareup/moshi/moshi/1.6.0/moshi-1.6.0.jar:/home/vic/.m2/repository/org/jetbrains/kotlin/kotlin-stdlib/1.2.21/kotlin-stdlib-1.2.21.jar:/home/vic/.m2/repository/org/jetbrains/annotations/13.0/annotations-13.0.jar:/home/vic/.m2/repository/com/google/auto/auto-common/0.10/auto-common-0.10.jar:/home/vic/.m2/repository/com/google/guava/guava/23.5-jre/guava-23.5-jre.jar:/home/vic/.m2/repository/com/google/code/findbugs/jsr305/1.3.9/jsr305-1.3.9.jar:/home/vic/.m2/repository/org/checkerframework/checker-qual/2.0.0/checker-qual-2.0.0.jar:/home/vic/.m2/repository/com/google/errorprone/error_prone_annotations/2.0.18/error_prone_annotations-2.0.18.jar:/home/vic/.m2/repository/com/google/j2objc/j2objc-annotations/1.1/j2objc-annotations-1.1.jar:/home/vic/.m2/repository/org/codehaus/mojo/animal-sniffer-annotations/1.14/animal-sniffer-annotations-1.14.jar:/home/vic/.m2/repository/org/jetbrains/kotlin/kotlin-compiler-embeddable/1.2.21/kotlin-compiler-embeddable-1.2.21.jar:/home/vic/.m2/repository/org/jetbrains/kotlin/kotlin-script-runtime/1.2.21/kotlin-script-runtime-1.2.21.jar:/home/vic/.m2/repository/org/jetbrains/kotlin/kotlin-reflect/1.2.21/kotlin-reflect-1.2.21.jar:/home/vic/.m2/repository/org/jetbrains/kotlin/kotlin-annotation-processing-embeddable/1.2.21/kotlin-annotation-processing-embeddable-1.2.21.jar:/home/vic/.m2/repository/me/eugeniomarletti/kotlin/metadata/kotlin-metadata/1.4.0/kotlin-metadata-1.4.0.jar:/home/vic/.m2/repository/me/eugeniomarletti/kotlin/metadata/kotlin-compiler-lite/1.0.3-k-1.2.40/kotlin-compiler-lite-1.0.3-k-1.2.40.jar:"/>
    <property name="java.vm.vendor" value="Oracle Corporation"/>
    <property name="sun.arch.data.model" value="64"/>
    <property name="java.vendor.url" value="http://java.oracle.com/"/>
    <property name="user.timezone" value=""/>
    <property name="java.vm.specification.version" value="1.8"/>
    <property name="os.name" value="Linux"/>
    <property name="user.country" value="US"/>
    <property name="sun.java.launcher" value="SUN_STANDARD"/>
    <property name="sun.boot.library.path" value="/usr/lib/jvm/java-8-oracle/jre/lib/amd64"/>
    <property name="sun.java.command" value="/home/vic/workspace/tutorials/javam/target/surefire/surefirebooter1186331602801159540.jar /home/vic/workspace/tutorials/javam/target/surefire 2018-06-07T14-44-34_028-jvmRun1 surefire2647857328302940332tmp surefire_01092445251171536936tmp"/>
    <property name="surefire.test.class.path" value="/home/vic/workspace/tutorials/javam/target/test-classes:/home/vic/workspace/tutorials/javam/target/classes:/home/vic/.m2/repository/junit/junit/4.11/junit-4.11.jar:/home/vic/.m2/repository/org/hamcrest/hamcrest-core/1.3/hamcrest-core-1.3.jar:/home/vic/.m2/repository/com/google/code/gson/gson/2.8.2/gson-2.8.2.jar:/home/vic/.m2/repository/com/squareup/okhttp3/okhttp/3.10.0/okhttp-3.10.0.jar:/home/vic/.m2/repository/com/squareup/okio/okio/1.14.0/okio-1.14.0.jar:/home/vic/.m2/repository/com/squareup/moshi/moshi-kotlin-codegen/1.6.0/moshi-kotlin-codegen-1.6.0.jar:/home/vic/.m2/repository/com/squareup/moshi/moshi/1.6.0/moshi-1.6.0.jar:/home/vic/.m2/repository/org/jetbrains/kotlin/kotlin-stdlib/1.2.21/kotlin-stdlib-1.2.21.jar:/home/vic/.m2/repository/org/jetbrains/annotations/13.0/annotations-13.0.jar:/home/vic/.m2/repository/com/google/auto/auto-common/0.10/auto-common-0.10.jar:/home/vic/.m2/repository/com/google/guava/guava/23.5-jre/guava-23.5-jre.jar:/home/vic/.m2/repository/com/google/code/findbugs/jsr305/1.3.9/jsr305-1.3.9.jar:/home/vic/.m2/repository/org/checkerframework/checker-qual/2.0.0/checker-qual-2.0.0.jar:/home/vic/.m2/repository/com/google/errorprone/error_prone_annotations/2.0.18/error_prone_annotations-2.0.18.jar:/home/vic/.m2/repository/com/google/j2objc/j2objc-annotations/1.1/j2objc-annotations-1.1.jar:/home/vic/.m2/repository/org/codehaus/mojo/animal-sniffer-annotations/1.14/animal-sniffer-annotations-1.14.jar:/home/vic/.m2/repository/org/jetbrains/kotlin/kotlin-compiler-embeddable/1.2.21/kotlin-compiler-embeddable-1.2.21.jar:/home/vic/.m2/repository/org/jetbrains/kotlin/kotlin-script-runtime/1.2.21/kotlin-script-runtime-1.2.21.jar:/home/vic/.m2/repository/org/jetbrains/kotlin/kotlin-reflect/1.2.21/kotlin-reflect-1.2.21.jar:/home/vic/.m2/repository/org/jetbrains/kotlin/kotlin-annotation-processing-embeddable/1.2.21/kotlin-annotation-processing-embeddable-1.2.21.jar:/home/vic/.m2/repository/me/eugeniomarletti/kotlin/metadata/kotlin-metadata/1.4.0/kotlin-metadata-1.4.0.jar:/home/vic/.m2/repository/me/eugeniomarletti/kotlin/metadata/kotlin-compiler-lite/1.0.3-k-1.2.40/kotlin-compiler-lite-1.0.3-k-1.2.40.jar:"/>
    <property name="sun.cpu.endian" value="little"/>
    <property name="user.home" value="/home/vic"/>
    <property name="user.language" value="en"/>
    <property name="java.specification.vendor" value="Oracle Corporation"/>
    <property name="java.home" value="/usr/lib/jvm/java-8-oracle/jre"/>
    <property name="basedir" value="/home/vic/workspace/tutorials/javam"/>
    <property name="file.separator" value="/"/>
    <property name="line.separator" value="&#10;"/>
    <property name="java.vm.specification.vendor" value="Oracle Corporation"/>
    <property name="java.specification.name" value="Java Platform API Specification"/>
    <property name="java.awt.graphicsenv" value="sun.awt.X11GraphicsEnvironment"/>
    <property name="surefire.real.class.path" value="/home/vic/workspace/tutorials/javam/target/surefire/surefirebooter1186331602801159540.jar"/>
    <property name="sun.boot.class.path" value="/usr/lib/jvm/java-8-oracle/jre/lib/resources.jar:/usr/lib/jvm/java-8-oracle/jre/lib/rt.jar:/usr/lib/jvm/java-8-oracle/jre/lib/sunrsasign.jar:/usr/lib/jvm/java-8-oracle/jre/lib/jsse.jar:/usr/lib/jvm/java-8-oracle/jre/lib/jce.jar:/usr/lib/jvm/java-8-oracle/jre/lib/charsets.jar:/usr/lib/jvm/java-8-oracle/jre/lib/jfr.jar:/usr/lib/jvm/java-8-oracle/jre/classes"/>
    <property name="sun.management.compiler" value="HotSpot 64-Bit Tiered Compilers"/>
    <property name="java.runtime.version" value="1.8.0_171-b11"/>
    <property name="user.name" value="vic"/>
    <property name="path.separator" value=":"/>
    <property name="os.version" value="4.13.0-43-generic"/>
    <property name="java.endorsed.dirs" value="/usr/lib/jvm/java-8-oracle/jre/lib/endorsed"/>
    <property name="java.runtime.name" value="Java(TM) SE Runtime Environment"/>
    <property name="file.encoding" value="UTF-8"/>
    <property name="java.vm.name" value="Java HotSpot(TM) 64-Bit Server VM"/>
    <property name="localRepository" value="/home/vic/.m2/repository"/>
    <property name="java.vendor.url.bug" value="http://bugreport.sun.com/bugreport/"/>
    <property name="java.io.tmpdir" value="/tmp"/>
    <property name="java.version" value="1.8.0_171"/>
    <property name="user.dir" value="/home/vic/workspace/tutorials/javam"/>
    <property name="os.arch" value="amd64"/>
    <property name="java.vm.specification.name" value="Java Virtual Machine Specification"/>
    <property name="java.awt.printerjob" value="sun.print.PSPrinterJob"/>
    <property name="sun.os.patch.level" value="unknown"/>
    <property name="java.library.path" value="/usr/java/packages/lib/amd64:/usr/lib64:/lib64:/lib:/usr/lib"/>
    <property name="java.vm.info" value="mixed mode"/>
    <property name="java.vendor" value="Oracle Corporation"/>
    <property name="java.vm.version" value="25.171-b11"/>
    <property name="java.ext.dirs" value="/usr/lib/jvm/java-8-oracle/jre/lib/ext:/usr/java/packages/lib/ext"/>
    <property name="sun.io.unicode.encoding" value="UnicodeLittle"/>
    <property name="java.class.version" value="52.0"/>
  </properties>
  <testcase name="descargaExitosaFactura" classname="docdigitales.AppTest" time="5.143"/>
  <testcase name="generaExitosamenteFactura" classname="docdigitales.AppTest" time="1.586"/>
  <testcase name="cancelarExitosamenteFactura" classname="docdigitales.AppTest" time="0.499"/>
  <testcase name="envioExitosoFactura" classname="docdigitales.AppTest" time="1.359"/>
</testsuite>